<?xml version="1.0" encoding="UTF-8"?>
<!-- Generated by org.testng.reporters.JUnitReportReporter -->
<testsuite hostname="LAPTOP-LOFVH0M3" failures="0" tests="1" name="com.actitime.testscript.Demo" time="0.008" errors="0" timestamp="16 Mar 2023 12:44:54 GMT" skipped="0">
  <testcase classname="com.actitime.testscript.Demo" name="Customer" time="0.008"/>
</testsuite> <!-- com.actitime.testscript.Demo -->
